cl : 命令行 warning D9025: 正在重写“/sdl”(用“/GS-”)
  dllmain.cpp
C:\Program Files (x86)\Microsoft Visual Studio\2019\Community\VC\Tools\MSVC\14.29.30133\include\vector(965,1): warning C4530: 使用了 C++ 异常处理程序，但未启用展开语义。请指定 /EHsc
C:\Program Files (x86)\Microsoft Visual Studio\2019\Community\VC\Tools\MSVC\14.29.30133\include\vector(1058): message : 查看对正在编译的函数 模板 实例化“void std::vector<BYTE,std::allocator<BYTE>>::_Insert_range<_Iter>(std::_Vector_const_iterator<std::_Vector_val<std::_Simple_types<_Ty>>>,_Iter,_Iter,std::forward_iterator_tag)”的引用
          with
          [
              _Iter=BYTE *,
              _Ty=BYTE
          ]
C:\Program Files (x86)\Microsoft Visual Studio\2019\Community\VC\Tools\MSVC\14.29.30133\include\vector(1058): message : 查看对正在编译的函数 模板 实例化“void std::vector<BYTE,std::allocator<BYTE>>::_Insert_range<_Iter>(std::_Vector_const_iterator<std::_Vector_val<std::_Simple_types<_Ty>>>,_Iter,_Iter,std::forward_iterator_tag)”的引用
          with
          [
              _Iter=BYTE *,
              _Ty=BYTE
          ]
C:\Users\zetsr\Documents\GitHub\Begeerte-ASA\setup\dllmain.cpp(65): message : 查看对正在编译的函数 模板 实例化“std::_Vector_iterator<std::_Vector_val<std::_Simple_types<_Ty>>> std::vector<_Ty,std::allocator<_Ty>>::insert<BYTE*,0>(std::_Vector_const_iterator<std::_Vector_val<std::_Simple_types<_Ty>>>,_Iter,_Iter)”的引用
          with
          [
              _Ty=BYTE,
              _Iter=BYTE *
          ]
C:\Users\zetsr\Documents\GitHub\Begeerte-ASA\setup\dllmain.cpp(65): message : 查看对正在编译的函数 模板 实例化“std::_Vector_iterator<std::_Vector_val<std::_Simple_types<_Ty>>> std::vector<_Ty,std::allocator<_Ty>>::insert<BYTE*,0>(std::_Vector_const_iterator<std::_Vector_val<std::_Simple_types<_Ty>>>,_Iter,_Iter)”的引用
          with
          [
              _Ty=BYTE,
              _Iter=BYTE *
          ]
  正在生成代码
  Previous IPDB not found, fall back to full compilation.
  All 147 functions were compiled because no usable IPDB/IOBJ from previous compilation was found.
  已完成代码的生成
  setup.vcxproj -> C:\Users\zetsr\Documents\GitHub\Begeerte-ASA\release\setup.dll
