  Aimbot.cpp
C:\Users\zetsr\Documents\GitHub\Begeerte-ASA\src\Hack\Aimbot.cpp(186,1): fatal error C1010: 在查找预编译头时遇到意外的文件结尾。是否忘记了向源中添加“#include "pch.h"”?
  dllmain.cpp
C:\Users\zetsr\Documents\GitHub\Begeerte-ASA\src\Hack\dllmain.cpp(30,1): fatal error C1010: 在查找预编译头时遇到意外的文件结尾。是否忘记了向源中添加“#include "pch.h"”?
  DrawESP.cpp
C:\Users\zetsr\Documents\GitHub\Begeerte-ASA\src\Hack\DrawESP.cpp(675,1): fatal error C1010: 在查找预编译头时遇到意外的文件结尾。是否忘记了向源中添加“#include "pch.h"”?
  DrawImGui.cpp
C:\Users\zetsr\Documents\GitHub\Begeerte-ASA\src\Hack\DrawImGui.cpp(5,1): warning C4005: “U8”: 宏重定义
C:\Users\zetsr\Documents\GitHub\Begeerte-ASA\src\Hack\DrawImGui.cpp(3): message : 参见“U8”的前一个定义
C:\Users\zetsr\Documents\GitHub\Begeerte-ASA\src\Hack\DrawImGui.cpp(848,1): fatal error C1010: 在查找预编译头时遇到意外的文件结尾。是否忘记了向源中添加“#include "pch.h"”?
  ESP.cpp
C:\Users\zetsr\Documents\GitHub\Begeerte-ASA\src\Hack\ESP.cpp(405,1): fatal error C1010: 在查找预编译头时遇到意外的文件结尾。是否忘记了向源中添加“#include "pch.h"”?
  LuaManager.cpp
C:\Users\zetsr\Documents\GitHub\Begeerte-ASA\src\Hack\LuaManager.cpp(399,1): fatal error C1010: 在查找预编译头时遇到意外的文件结尾。是否忘记了向源中添加“#include "pch.h"”?
  SDK_Impl.cpp
C:\Users\zetsr\Documents\GitHub\Begeerte-ASA\src\Hack\SDK_Impl.cpp(7,1): fatal error C1010: 在查找预编译头时遇到意外的文件结尾。是否忘记了向源中添加“#include "pch.h"”?
  imgui.cpp
C:\Users\zetsr\Documents\GitHub\Begeerte-ASA\src\Minimal-D3D12-Hook-ImGui-1.0.2\ImGui\imgui.cpp(2204,10): error C2006: “#include”: 应为 "FILENAME" 或 <FILENAME>
C:\Users\zetsr\Documents\GitHub\Begeerte-ASA\src\Minimal-D3D12-Hook-ImGui-1.0.2\ImGui\imgui.cpp(3047,1): warning C4005: “va_copy”: 宏重定义
C:\Users\zetsr\Documents\GitHub\Begeerte-ASA\src\Minimal-D3D12-Hook-ImGui-1.0.2\ImGui\imgui.cpp(3045): message : 参见“va_copy”的前一个定义
C:\Users\zetsr\Documents\GitHub\Begeerte-ASA\src\Minimal-D3D12-Hook-ImGui-1.0.2\ImGui\imgui.cpp(18103,1): fatal error C1010: 在查找预编译头时遇到意外的文件结尾。是否忘记了向源中添加“#include "pch.h"”?
  imgui_demo.cpp
C:\Users\zetsr\Documents\GitHub\Begeerte-ASA\src\Minimal-D3D12-Hook-ImGui-1.0.2\ImGui\imgui_demo.cpp(190,1): warning C4005: “IM_NEWLINE”: 宏重定义
C:\Users\zetsr\Documents\GitHub\Begeerte-ASA\src\Minimal-D3D12-Hook-ImGui-1.0.2\ImGui\imgui_demo.cpp(188): message : 参见“IM_NEWLINE”的前一个定义
C:\Users\zetsr\Documents\GitHub\Begeerte-ASA\src\Minimal-D3D12-Hook-ImGui-1.0.2\ImGui\imgui_demo.cpp(206,1): warning C4005: “PRId64”: 宏重定义
C:\Users\zetsr\Documents\GitHub\Begeerte-ASA\src\Minimal-D3D12-Hook-ImGui-1.0.2\ImGui\imgui_demo.cpp(203): message : 参见“PRId64”的前一个定义
C:\Users\zetsr\Documents\GitHub\Begeerte-ASA\src\Minimal-D3D12-Hook-ImGui-1.0.2\ImGui\imgui_demo.cpp(207,1): warning C4005: “PRIu64”: 宏重定义
C:\Users\zetsr\Documents\GitHub\Begeerte-ASA\src\Minimal-D3D12-Hook-ImGui-1.0.2\ImGui\imgui_demo.cpp(204): message : 参见“PRIu64”的前一个定义
C:\Users\zetsr\Documents\GitHub\Begeerte-ASA\src\Minimal-D3D12-Hook-ImGui-1.0.2\ImGui\imgui_demo.cpp(224,1): warning C4005: “IMGUI_CDECL”: 宏重定义
C:\Users\zetsr\Documents\GitHub\Begeerte-ASA\src\Minimal-D3D12-Hook-ImGui-1.0.2\ImGui\imgui_demo.cpp(222): message : 参见“IMGUI_CDECL”的前一个定义
C:\Users\zetsr\Documents\GitHub\Begeerte-ASA\src\Minimal-D3D12-Hook-ImGui-1.0.2\ImGui\imgui_demo.cpp(10887,1): fatal error C1010: 在查找预编译头时遇到意外的文件结尾。是否忘记了向源中添加“#include "pch.h"”?
  imgui_draw.cpp
C:\Users\zetsr\Documents\GitHub\Begeerte-ASA\src\Minimal-D3D12-Hook-ImGui-1.0.2\ImGui\imgui_draw.cpp(131,10): error C2006: “#include”: 应为 "FILENAME" 或 <FILENAME>
C:\Users\zetsr\Documents\GitHub\Begeerte-ASA\src\Minimal-D3D12-Hook-ImGui-1.0.2\ImGui\imgui_draw.cpp(156,10): error C2006: “#include”: 应为 "FILENAME" 或 <FILENAME>
C:\Users\zetsr\Documents\GitHub\Begeerte-ASA\src\Minimal-D3D12-Hook-ImGui-1.0.2\ImGui\imgui_draw.cpp(6354,1): fatal error C1010: 在查找预编译头时遇到意外的文件结尾。是否忘记了向源中添加“#include "pch.h"”?
  imgui_impl_dx12.cpp
C:\Users\zetsr\Documents\GitHub\Begeerte-ASA\src\Minimal-D3D12-Hook-ImGui-1.0.2\ImGui\imgui_impl_dx12.cpp(972,1): fatal error C1010: 在查找预编译头时遇到意外的文件结尾。是否忘记了向源中添加“#include "pch.h"”?
  imgui_impl_win32.cpp
C:\Users\zetsr\Documents\GitHub\Begeerte-ASA\src\Minimal-D3D12-Hook-ImGui-1.0.2\ImGui\imgui_impl_win32.cpp(975,1): fatal error C1010: 在查找预编译头时遇到意外的文件结尾。是否忘记了向源中添加“#include "pch.h"”?
  imgui_tables.cpp
C:\Users\zetsr\Documents\GitHub\Begeerte-ASA\src\Minimal-D3D12-Hook-ImGui-1.0.2\ImGui\imgui_tables.cpp(4570,1): fatal error C1010: 在查找预编译头时遇到意外的文件结尾。是否忘记了向源中添加“#include "pch.h"”?
  imgui_widgets.cpp
C:\Users\zetsr\Documents\GitHub\Begeerte-ASA\src\Minimal-D3D12-Hook-ImGui-1.0.2\ImGui\imgui_widgets.cpp(10788,1): fatal error C1010: 在查找预编译头时遇到意外的文件结尾。是否忘记了向源中添加“#include "pch.h"”?
  hook.cpp
C:\Users\zetsr\Documents\GitHub\Begeerte-ASA\src\Minimal-D3D12-Hook-ImGui-1.0.2\Main\hook.cpp(356,1): fatal error C1010: 在查找预编译头时遇到意外的文件结尾。是否忘记了向源中添加“#include "pch.h"”?
  input.cpp
C:\Users\zetsr\Documents\GitHub\Begeerte-ASA\src\Minimal-D3D12-Hook-ImGui-1.0.2\Main\input.cpp(406,1): fatal error C1010: 在查找预编译头时遇到意外的文件结尾。是否忘记了向源中添加“#include "pch.h"”?
  mdx12_globals.cpp
C:\Users\zetsr\Documents\GitHub\Begeerte-ASA\src\Minimal-D3D12-Hook-ImGui-1.0.2\Main\mdx12_globals.cpp(67,1): fatal error C1010: 在查找预编译头时遇到意外的文件结尾。是否忘记了向源中添加“#include "pch.h"”?
  render.cpp
C:\Users\zetsr\Documents\GitHub\Begeerte-ASA\src\Minimal-D3D12-Hook-ImGui-1.0.2\Main\render.cpp(123,1): fatal error C1010: 在查找预编译头时遇到意外的文件结尾。是否忘记了向源中添加“#include "pch.h"”?
  setup_imgui.cpp
C:\Users\zetsr\Documents\GitHub\Begeerte-ASA\src\Minimal-D3D12-Hook-ImGui-1.0.2\Main\setup_imgui.cpp(15,1): fatal error C1010: 在查找预编译头时遇到意外的文件结尾。是否忘记了向源中添加“#include "pch.h"”?
  正在生成代码...
